
3/14/2024, 2:05:06 PM

Operating System
  Name                        = macOS
  Version                     = 14.4
  Architecture                = 64bit
  # CPUs                      = 10
  Memory                      = 34359738368

Node.js
  Node.js Version             = 20.11.0
  npm Version                 = 10.5.0

Titanium CLI
  CLI Version                 = 6.1.1

Titanium SDK
  SDK Version                 = 12.2.1.GA
  SDK Path                    = /Users/AbdullahFaqeir/Library/Application Support/Titanium/mobilesdk/osx/12.2.1.GA
  Target Platform             = android

Command
  /Users/AbdullahFaqeir/.nvm/versions/node/v20.11.0/bin/node /Users/AbdullahFaqeir/.nvm/versions/node/v20.11.0/bin/ti clean

[DEBUG]  Deleting /Users/AbdullahFaqeir/dev/TiModules/AccuRoot/android/build/.gradle
[DEBUG]  Deleting /Users/AbdullahFaqeir/dev/TiModules/AccuRoot/android/build/build.gradle
[DEBUG]  Deleting /Users/AbdullahFaqeir/dev/TiModules/AccuRoot/android/build/gradle
[DEBUG]  Deleting /Users/AbdullahFaqeir/dev/TiModules/AccuRoot/android/build/gradle.properties
[DEBUG]  Deleting /Users/AbdullahFaqeir/dev/TiModules/AccuRoot/android/build/gradlew
[DEBUG]  Deleting /Users/AbdullahFaqeir/dev/TiModules/AccuRoot/android/build/gradlew.bat
[DEBUG]  Deleting /Users/AbdullahFaqeir/dev/TiModules/AccuRoot/android/build/local.properties
[DEBUG]  Deleting /Users/AbdullahFaqeir/dev/TiModules/AccuRoot/android/build/module
[DEBUG]  Deleting /Users/AbdullahFaqeir/dev/TiModules/AccuRoot/android/build/settings.gradle
[DEBUG]  Deleting /Users/AbdullahFaqeir/dev/TiModules/AccuRoot/android/build/ti.constants.gradle
[DEBUG]  Deleting /Users/AbdullahFaqeir/dev/TiModules/AccuRoot/android/dist